<?xml version="1.0" encoding="UTF-8"?>
<!-- Generated by org.testng.reporters.JUnitReportReporter -->
<testsuite hostname="AFP-011" failures="0" tests="1" name="testProject.sample" time="0.073" errors="0" timestamp="2 May 2023 10:37:59 GMT">
  <testcase classname="testProject.sample" name="testCase1" time="0.073"/>
</testsuite> <!-- testProject.sample -->
