<?xml version="1.0" encoding="UTF-8"?>
<!-- Generated by org.testng.reporters.JUnitReportReporter -->
<testsuite hostname="AFP-011" failures="0" tests="1" name="testproject.SampleTestcase" time="1.455" errors="0" timestamp="2 May 2023 15:36:04 GMT">
  <testcase classname="testproject.SampleTestcase" name="testCase3" time="1.455"/>
</testsuite> <!-- testproject.SampleTestcase -->
